<?xml version="1.0" encoding="UTF-8"?>
<!-- Generated by org.testng.reporters.JUnitReportReporter -->
<testsuite hostname="LAPNADIAER7" failures="0" tests="3" name="testCases.tests" time="4.222" errors="0" timestamp="2022-03-14T22:50:03 EDT" skipped="0">
  <testcase classname="testCases.tests" name="userLogin" time="3.566"/>
  <system-out/>
  <testcase classname="testCases.tests" name="createUser" time="0.459"/>
  <system-out/>
  <testcase classname="testCases.tests" name="updateUser" time="0.197"/>
  <system-out/>
</testsuite> <!-- testCases.tests -->
